
blink.elf:     file format elf32-littleriscv


Disassembly of section .text:

10000000 <_ftext>:
10000000:	0b00006f          	j	100000b0 <crt_init>
10000004:	00000013          	nop
10000008:	00000013          	nop
1000000c:	00000013          	nop
10000010:	00000013          	nop
10000014:	00000013          	nop
10000018:	00000013          	nop
1000001c:	00000013          	nop

10000020 <trap_entry>:
10000020:	fe112e23          	sw	ra,-4(sp)
10000024:	fe512c23          	sw	t0,-8(sp)
10000028:	fe612a23          	sw	t1,-12(sp)
1000002c:	fe712823          	sw	t2,-16(sp)
10000030:	fea12623          	sw	a0,-20(sp)
10000034:	feb12423          	sw	a1,-24(sp)
10000038:	fec12223          	sw	a2,-28(sp)
1000003c:	fed12023          	sw	a3,-32(sp)
10000040:	fce12e23          	sw	a4,-36(sp)
10000044:	fcf12c23          	sw	a5,-40(sp)
10000048:	fd012a23          	sw	a6,-44(sp)
1000004c:	fd112823          	sw	a7,-48(sp)
10000050:	fdc12623          	sw	t3,-52(sp)
10000054:	fdd12423          	sw	t4,-56(sp)
10000058:	fde12223          	sw	t5,-60(sp)
1000005c:	fdf12023          	sw	t6,-64(sp)
10000060:	fc010113          	add	sp,sp,-64
10000064:	110000ef          	jal	10000174 <isr>
10000068:	03c12083          	lw	ra,60(sp)
1000006c:	03812283          	lw	t0,56(sp)
10000070:	03412303          	lw	t1,52(sp)
10000074:	03012383          	lw	t2,48(sp)
10000078:	02c12503          	lw	a0,44(sp)
1000007c:	02812583          	lw	a1,40(sp)
10000080:	02412603          	lw	a2,36(sp)
10000084:	02012683          	lw	a3,32(sp)
10000088:	01c12703          	lw	a4,28(sp)
1000008c:	01812783          	lw	a5,24(sp)
10000090:	01412803          	lw	a6,20(sp)
10000094:	01012883          	lw	a7,16(sp)
10000098:	00c12e03          	lw	t3,12(sp)
1000009c:	00812e83          	lw	t4,8(sp)
100000a0:	00412f03          	lw	t5,4(sp)
100000a4:	00012f83          	lw	t6,0(sp)
100000a8:	04010113          	add	sp,sp,64
100000ac:	30200073          	mret

100000b0 <crt_init>:
100000b0:	40000113          	li	sp,1024
100000b4:	00000517          	auipc	a0,0x0
100000b8:	f6c50513          	add	a0,a0,-148 # 10000020 <trap_entry>
100000bc:	30551073          	csrw	mtvec,a0

100000c0 <data_init>:
100000c0:	00000513          	li	a0,0
100000c4:	00000593          	li	a1,0
100000c8:	00001617          	auipc	a2,0x1
100000cc:	23860613          	add	a2,a2,568 # 10001300 <_fdata_rom>

100000d0 <data_loop>:
100000d0:	00b50c63          	beq	a0,a1,100000e8 <bss_init>
100000d4:	00062683          	lw	a3,0(a2)
100000d8:	00d52023          	sw	a3,0(a0)
100000dc:	00450513          	add	a0,a0,4
100000e0:	00460613          	add	a2,a2,4
100000e4:	fedff06f          	j	100000d0 <data_loop>

100000e8 <bss_init>:
100000e8:	00000513          	li	a0,0
100000ec:	00800593          	li	a1,8

100000f0 <bss_loop>:
100000f0:	00b50863          	beq	a0,a1,10000100 <bss_done>
100000f4:	00052023          	sw	zero,0(a0)
100000f8:	00450513          	add	a0,a0,4
100000fc:	ff5ff06f          	j	100000f0 <bss_loop>

10000100 <bss_done>:
10000100:	00001537          	lui	a0,0x1
10000104:	88050513          	add	a0,a0,-1920 # 880 <_fstack+0x480>
10000108:	30451073          	csrw	mie,a0
1000010c:	439000ef          	jal	10000d44 <main>

10000110 <infinit_loop>:
10000110:	0000006f          	j	10000110 <infinit_loop>

10000114 <flush_cpu_icache>:
10000114:	ff010113          	add	sp,sp,-16
10000118:	00812623          	sw	s0,12(sp)
1000011c:	01010413          	add	s0,sp,16
10000120:	00000013          	nop
10000124:	00c12403          	lw	s0,12(sp)
10000128:	01010113          	add	sp,sp,16
1000012c:	00008067          	ret

10000130 <flush_cpu_dcache>:
10000130:	ff010113          	add	sp,sp,-16
10000134:	00812623          	sw	s0,12(sp)
10000138:	01010413          	add	s0,sp,16
1000013c:	00000013          	nop
10000140:	00c12403          	lw	s0,12(sp)
10000144:	01010113          	add	sp,sp,16
10000148:	00008067          	ret

1000014c <irq_setmask>:
1000014c:	fe010113          	add	sp,sp,-32
10000150:	00812e23          	sw	s0,28(sp)
10000154:	02010413          	add	s0,sp,32
10000158:	fea42623          	sw	a0,-20(s0)
1000015c:	fec42783          	lw	a5,-20(s0)
10000160:	bc079073          	csrw	0xbc0,a5
10000164:	00000013          	nop
10000168:	01c12403          	lw	s0,28(sp)
1000016c:	02010113          	add	sp,sp,32
10000170:	00008067          	ret

10000174 <isr>:
10000174:	ff010113          	add	sp,sp,-16
10000178:	00112623          	sw	ra,12(sp)
1000017c:	00812423          	sw	s0,8(sp)
10000180:	01010413          	add	s0,sp,16
10000184:	00000513          	li	a0,0
10000188:	fc5ff0ef          	jal	1000014c <irq_setmask>
1000018c:	f00057b7          	lui	a5,0xf0005
10000190:	01c78793          	add	a5,a5,28 # f000501c <_fdata_rom+0xe0003d1c>
10000194:	0007a023          	sw	zero,0(a5)
10000198:	f00057b7          	lui	a5,0xf0005
1000019c:	00c78793          	add	a5,a5,12 # f000500c <_fdata_rom+0xe0003d0c>
100001a0:	00100713          	li	a4,1
100001a4:	00e7a023          	sw	a4,0(a5)
100001a8:	f00057b7          	lui	a5,0xf0005
100001ac:	01078793          	add	a5,a5,16 # f0005010 <_fdata_rom+0xe0003d10>
100001b0:	0007a783          	lw	a5,0(a5)
100001b4:	00079863          	bnez	a5,100001c4 <isr+0x50>
100001b8:	00100713          	li	a4,1
100001bc:	00e01023          	sh	a4,0(zero) # 0 <flag>
100001c0:	0180006f          	j	100001d8 <isr+0x64>
100001c4:	f00057b7          	lui	a5,0xf0005
100001c8:	01c78793          	add	a5,a5,28 # f000501c <_fdata_rom+0xe0003d1c>
100001cc:	00100713          	li	a4,1
100001d0:	00e7a023          	sw	a4,0(a5)
100001d4:	00000013          	nop
100001d8:	00c12083          	lw	ra,12(sp)
100001dc:	00812403          	lw	s0,8(sp)
100001e0:	01010113          	add	sp,sp,16
100001e4:	00008067          	ret

100001e8 <flush_cpu_icache>:
100001e8:	ff010113          	add	sp,sp,-16
100001ec:	00812623          	sw	s0,12(sp)
100001f0:	01010413          	add	s0,sp,16
100001f4:	00000013          	nop
100001f8:	00c12403          	lw	s0,12(sp)
100001fc:	01010113          	add	sp,sp,16
10000200:	00008067          	ret

10000204 <flush_cpu_dcache>:
10000204:	ff010113          	add	sp,sp,-16
10000208:	00812623          	sw	s0,12(sp)
1000020c:	01010413          	add	s0,sp,16
10000210:	00000013          	nop
10000214:	00c12403          	lw	s0,12(sp)
10000218:	01010113          	add	sp,sp,16
1000021c:	00008067          	ret

10000220 <putchar>:
10000220:	fe010113          	add	sp,sp,-32
10000224:	00112e23          	sw	ra,28(sp)
10000228:	00812c23          	sw	s0,24(sp)
1000022c:	02010413          	add	s0,sp,32
10000230:	00050793          	mv	a5,a0
10000234:	fef407a3          	sb	a5,-17(s0)
10000238:	fef44703          	lbu	a4,-17(s0)
1000023c:	00a00793          	li	a5,10
10000240:	00f71663          	bne	a4,a5,1000024c <putchar+0x2c>
10000244:	00d00513          	li	a0,13
10000248:	fd9ff0ef          	jal	10000220 <putchar>
1000024c:	00000013          	nop
10000250:	f00067b7          	lui	a5,0xf0006
10000254:	80478793          	add	a5,a5,-2044 # f0005804 <_fdata_rom+0xe0004504>
10000258:	0007a703          	lw	a4,0(a5)
1000025c:	00100793          	li	a5,1
10000260:	fef708e3          	beq	a4,a5,10000250 <putchar+0x30>
10000264:	f00067b7          	lui	a5,0xf0006
10000268:	80078793          	add	a5,a5,-2048 # f0005800 <_fdata_rom+0xe0004500>
1000026c:	fef44703          	lbu	a4,-17(s0)
10000270:	00e7a023          	sw	a4,0(a5)
10000274:	00000013          	nop
10000278:	01c12083          	lw	ra,28(sp)
1000027c:	01812403          	lw	s0,24(sp)
10000280:	02010113          	add	sp,sp,32
10000284:	00008067          	ret

10000288 <print>:
10000288:	fe010113          	add	sp,sp,-32
1000028c:	00112e23          	sw	ra,28(sp)
10000290:	00812c23          	sw	s0,24(sp)
10000294:	02010413          	add	s0,sp,32
10000298:	fea42623          	sw	a0,-20(s0)
1000029c:	01c0006f          	j	100002b8 <print+0x30>
100002a0:	fec42783          	lw	a5,-20(s0)
100002a4:	00178713          	add	a4,a5,1
100002a8:	fee42623          	sw	a4,-20(s0)
100002ac:	0007c783          	lbu	a5,0(a5)
100002b0:	00078513          	mv	a0,a5
100002b4:	f6dff0ef          	jal	10000220 <putchar>
100002b8:	fec42783          	lw	a5,-20(s0)
100002bc:	0007c783          	lbu	a5,0(a5)
100002c0:	fe0790e3          	bnez	a5,100002a0 <print+0x18>
100002c4:	00000013          	nop
100002c8:	00000013          	nop
100002cc:	01c12083          	lw	ra,28(sp)
100002d0:	01812403          	lw	s0,24(sp)
100002d4:	02010113          	add	sp,sp,32
100002d8:	00008067          	ret

100002dc <print_hex>:
100002dc:	fd010113          	add	sp,sp,-48
100002e0:	02112623          	sw	ra,44(sp)
100002e4:	02812423          	sw	s0,40(sp)
100002e8:	03010413          	add	s0,sp,48
100002ec:	fca42e23          	sw	a0,-36(s0)
100002f0:	fcb42c23          	sw	a1,-40(s0)
100002f4:	fd842783          	lw	a5,-40(s0)
100002f8:	fff78793          	add	a5,a5,-1
100002fc:	fef42623          	sw	a5,-20(s0)
10000300:	0440006f          	j	10000344 <print_hex+0x68>
10000304:	fec42783          	lw	a5,-20(s0)
10000308:	00279793          	sll	a5,a5,0x2
1000030c:	fdc42703          	lw	a4,-36(s0)
10000310:	00f757b3          	srl	a5,a4,a5
10000314:	00f7f793          	and	a5,a5,15
10000318:	10001737          	lui	a4,0x10001
1000031c:	f0070713          	add	a4,a4,-256 # 10000f00 <_etext>
10000320:	00f707b3          	add	a5,a4,a5
10000324:	0007c783          	lbu	a5,0(a5)
10000328:	fef405a3          	sb	a5,-21(s0)
1000032c:	feb44783          	lbu	a5,-21(s0)
10000330:	00078513          	mv	a0,a5
10000334:	eedff0ef          	jal	10000220 <putchar>
10000338:	fec42783          	lw	a5,-20(s0)
1000033c:	fff78793          	add	a5,a5,-1
10000340:	fef42623          	sw	a5,-20(s0)
10000344:	fec42783          	lw	a5,-20(s0)
10000348:	fa07dee3          	bgez	a5,10000304 <print_hex+0x28>
1000034c:	00000013          	nop
10000350:	00000013          	nop
10000354:	02c12083          	lw	ra,44(sp)
10000358:	02812403          	lw	s0,40(sp)
1000035c:	03010113          	add	sp,sp,48
10000360:	00008067          	ret

10000364 <print_dec>:
10000364:	fe010113          	add	sp,sp,-32
10000368:	00112e23          	sw	ra,28(sp)
1000036c:	00812c23          	sw	s0,24(sp)
10000370:	02010413          	add	s0,sp,32
10000374:	fea42623          	sw	a0,-20(s0)
10000378:	fec42703          	lw	a4,-20(s0)
1000037c:	7cf00793          	li	a5,1999
10000380:	00e7fa63          	bgeu	a5,a4,10000394 <print_dec+0x30>
10000384:	100017b7          	lui	a5,0x10001
10000388:	f1478513          	add	a0,a5,-236 # 10000f14 <_etext+0x14>
1000038c:	efdff0ef          	jal	10000288 <print>
10000390:	4100006f          	j	100007a0 <print_dec+0x43c>
10000394:	fec42703          	lw	a4,-20(s0)
10000398:	3e700793          	li	a5,999
1000039c:	00e7fe63          	bgeu	a5,a4,100003b8 <print_dec+0x54>
100003a0:	03100513          	li	a0,49
100003a4:	e7dff0ef          	jal	10000220 <putchar>
100003a8:	fec42783          	lw	a5,-20(s0)
100003ac:	c1878793          	add	a5,a5,-1000
100003b0:	fef42623          	sw	a5,-20(s0)
100003b4:	00c0006f          	j	100003c0 <print_dec+0x5c>
100003b8:	02000513          	li	a0,32
100003bc:	e65ff0ef          	jal	10000220 <putchar>
100003c0:	fec42703          	lw	a4,-20(s0)
100003c4:	38300793          	li	a5,899
100003c8:	00e7fe63          	bgeu	a5,a4,100003e4 <print_dec+0x80>
100003cc:	03900513          	li	a0,57
100003d0:	e51ff0ef          	jal	10000220 <putchar>
100003d4:	fec42783          	lw	a5,-20(s0)
100003d8:	c7c78793          	add	a5,a5,-900
100003dc:	fef42623          	sw	a5,-20(s0)
100003e0:	12c0006f          	j	1000050c <print_dec+0x1a8>
100003e4:	fec42703          	lw	a4,-20(s0)
100003e8:	31f00793          	li	a5,799
100003ec:	00e7fe63          	bgeu	a5,a4,10000408 <print_dec+0xa4>
100003f0:	03800513          	li	a0,56
100003f4:	e2dff0ef          	jal	10000220 <putchar>
100003f8:	fec42783          	lw	a5,-20(s0)
100003fc:	ce078793          	add	a5,a5,-800
10000400:	fef42623          	sw	a5,-20(s0)
10000404:	1080006f          	j	1000050c <print_dec+0x1a8>
10000408:	fec42703          	lw	a4,-20(s0)
1000040c:	2bb00793          	li	a5,699
10000410:	00e7fe63          	bgeu	a5,a4,1000042c <print_dec+0xc8>
10000414:	03700513          	li	a0,55
10000418:	e09ff0ef          	jal	10000220 <putchar>
1000041c:	fec42783          	lw	a5,-20(s0)
10000420:	d4478793          	add	a5,a5,-700
10000424:	fef42623          	sw	a5,-20(s0)
10000428:	0e40006f          	j	1000050c <print_dec+0x1a8>
1000042c:	fec42703          	lw	a4,-20(s0)
10000430:	25700793          	li	a5,599
10000434:	00e7fe63          	bgeu	a5,a4,10000450 <print_dec+0xec>
10000438:	03600513          	li	a0,54
1000043c:	de5ff0ef          	jal	10000220 <putchar>
10000440:	fec42783          	lw	a5,-20(s0)
10000444:	da878793          	add	a5,a5,-600
10000448:	fef42623          	sw	a5,-20(s0)
1000044c:	0c00006f          	j	1000050c <print_dec+0x1a8>
10000450:	fec42703          	lw	a4,-20(s0)
10000454:	1f300793          	li	a5,499
10000458:	00e7fe63          	bgeu	a5,a4,10000474 <print_dec+0x110>
1000045c:	03500513          	li	a0,53
10000460:	dc1ff0ef          	jal	10000220 <putchar>
10000464:	fec42783          	lw	a5,-20(s0)
10000468:	e0c78793          	add	a5,a5,-500
1000046c:	fef42623          	sw	a5,-20(s0)
10000470:	09c0006f          	j	1000050c <print_dec+0x1a8>
10000474:	fec42703          	lw	a4,-20(s0)
10000478:	18f00793          	li	a5,399
1000047c:	00e7fe63          	bgeu	a5,a4,10000498 <print_dec+0x134>
10000480:	03400513          	li	a0,52
10000484:	d9dff0ef          	jal	10000220 <putchar>
10000488:	fec42783          	lw	a5,-20(s0)
1000048c:	e7078793          	add	a5,a5,-400
10000490:	fef42623          	sw	a5,-20(s0)
10000494:	0780006f          	j	1000050c <print_dec+0x1a8>
10000498:	fec42703          	lw	a4,-20(s0)
1000049c:	12b00793          	li	a5,299
100004a0:	00e7fe63          	bgeu	a5,a4,100004bc <print_dec+0x158>
100004a4:	03300513          	li	a0,51
100004a8:	d79ff0ef          	jal	10000220 <putchar>
100004ac:	fec42783          	lw	a5,-20(s0)
100004b0:	ed478793          	add	a5,a5,-300
100004b4:	fef42623          	sw	a5,-20(s0)
100004b8:	0540006f          	j	1000050c <print_dec+0x1a8>
100004bc:	fec42703          	lw	a4,-20(s0)
100004c0:	0c700793          	li	a5,199
100004c4:	00e7fe63          	bgeu	a5,a4,100004e0 <print_dec+0x17c>
100004c8:	03200513          	li	a0,50
100004cc:	d55ff0ef          	jal	10000220 <putchar>
100004d0:	fec42783          	lw	a5,-20(s0)
100004d4:	f3878793          	add	a5,a5,-200
100004d8:	fef42623          	sw	a5,-20(s0)
100004dc:	0300006f          	j	1000050c <print_dec+0x1a8>
100004e0:	fec42703          	lw	a4,-20(s0)
100004e4:	06300793          	li	a5,99
100004e8:	00e7fe63          	bgeu	a5,a4,10000504 <print_dec+0x1a0>
100004ec:	03100513          	li	a0,49
100004f0:	d31ff0ef          	jal	10000220 <putchar>
100004f4:	fec42783          	lw	a5,-20(s0)
100004f8:	f9c78793          	add	a5,a5,-100
100004fc:	fef42623          	sw	a5,-20(s0)
10000500:	00c0006f          	j	1000050c <print_dec+0x1a8>
10000504:	03000513          	li	a0,48
10000508:	d19ff0ef          	jal	10000220 <putchar>
1000050c:	fec42703          	lw	a4,-20(s0)
10000510:	05900793          	li	a5,89
10000514:	00e7fe63          	bgeu	a5,a4,10000530 <print_dec+0x1cc>
10000518:	03900513          	li	a0,57
1000051c:	d05ff0ef          	jal	10000220 <putchar>
10000520:	fec42783          	lw	a5,-20(s0)
10000524:	fa678793          	add	a5,a5,-90
10000528:	fef42623          	sw	a5,-20(s0)
1000052c:	12c0006f          	j	10000658 <print_dec+0x2f4>
10000530:	fec42703          	lw	a4,-20(s0)
10000534:	04f00793          	li	a5,79
10000538:	00e7fe63          	bgeu	a5,a4,10000554 <print_dec+0x1f0>
1000053c:	03800513          	li	a0,56
10000540:	ce1ff0ef          	jal	10000220 <putchar>
10000544:	fec42783          	lw	a5,-20(s0)
10000548:	fb078793          	add	a5,a5,-80
1000054c:	fef42623          	sw	a5,-20(s0)
10000550:	1080006f          	j	10000658 <print_dec+0x2f4>
10000554:	fec42703          	lw	a4,-20(s0)
10000558:	04500793          	li	a5,69
1000055c:	00e7fe63          	bgeu	a5,a4,10000578 <print_dec+0x214>
10000560:	03700513          	li	a0,55
10000564:	cbdff0ef          	jal	10000220 <putchar>
10000568:	fec42783          	lw	a5,-20(s0)
1000056c:	fba78793          	add	a5,a5,-70
10000570:	fef42623          	sw	a5,-20(s0)
10000574:	0e40006f          	j	10000658 <print_dec+0x2f4>
10000578:	fec42703          	lw	a4,-20(s0)
1000057c:	03b00793          	li	a5,59
10000580:	00e7fe63          	bgeu	a5,a4,1000059c <print_dec+0x238>
10000584:	03600513          	li	a0,54
10000588:	c99ff0ef          	jal	10000220 <putchar>
1000058c:	fec42783          	lw	a5,-20(s0)
10000590:	fc478793          	add	a5,a5,-60
10000594:	fef42623          	sw	a5,-20(s0)
10000598:	0c00006f          	j	10000658 <print_dec+0x2f4>
1000059c:	fec42703          	lw	a4,-20(s0)
100005a0:	03100793          	li	a5,49
100005a4:	00e7fe63          	bgeu	a5,a4,100005c0 <print_dec+0x25c>
100005a8:	03500513          	li	a0,53
100005ac:	c75ff0ef          	jal	10000220 <putchar>
100005b0:	fec42783          	lw	a5,-20(s0)
100005b4:	fce78793          	add	a5,a5,-50
100005b8:	fef42623          	sw	a5,-20(s0)
100005bc:	09c0006f          	j	10000658 <print_dec+0x2f4>
100005c0:	fec42703          	lw	a4,-20(s0)
100005c4:	02700793          	li	a5,39
100005c8:	00e7fe63          	bgeu	a5,a4,100005e4 <print_dec+0x280>
100005cc:	03400513          	li	a0,52
100005d0:	c51ff0ef          	jal	10000220 <putchar>
100005d4:	fec42783          	lw	a5,-20(s0)
100005d8:	fd878793          	add	a5,a5,-40
100005dc:	fef42623          	sw	a5,-20(s0)
100005e0:	0780006f          	j	10000658 <print_dec+0x2f4>
100005e4:	fec42703          	lw	a4,-20(s0)
100005e8:	01d00793          	li	a5,29
100005ec:	00e7fe63          	bgeu	a5,a4,10000608 <print_dec+0x2a4>
100005f0:	03300513          	li	a0,51
100005f4:	c2dff0ef          	jal	10000220 <putchar>
100005f8:	fec42783          	lw	a5,-20(s0)
100005fc:	fe278793          	add	a5,a5,-30
10000600:	fef42623          	sw	a5,-20(s0)
10000604:	0540006f          	j	10000658 <print_dec+0x2f4>
10000608:	fec42703          	lw	a4,-20(s0)
1000060c:	01300793          	li	a5,19
10000610:	00e7fe63          	bgeu	a5,a4,1000062c <print_dec+0x2c8>
10000614:	03200513          	li	a0,50
10000618:	c09ff0ef          	jal	10000220 <putchar>
1000061c:	fec42783          	lw	a5,-20(s0)
10000620:	fec78793          	add	a5,a5,-20
10000624:	fef42623          	sw	a5,-20(s0)
10000628:	0300006f          	j	10000658 <print_dec+0x2f4>
1000062c:	fec42703          	lw	a4,-20(s0)
10000630:	00900793          	li	a5,9
10000634:	00e7fe63          	bgeu	a5,a4,10000650 <print_dec+0x2ec>
10000638:	03100513          	li	a0,49
1000063c:	be5ff0ef          	jal	10000220 <putchar>
10000640:	fec42783          	lw	a5,-20(s0)
10000644:	ff678793          	add	a5,a5,-10
10000648:	fef42623          	sw	a5,-20(s0)
1000064c:	00c0006f          	j	10000658 <print_dec+0x2f4>
10000650:	03000513          	li	a0,48
10000654:	bcdff0ef          	jal	10000220 <putchar>
10000658:	fec42703          	lw	a4,-20(s0)
1000065c:	00800793          	li	a5,8
10000660:	00e7fe63          	bgeu	a5,a4,1000067c <print_dec+0x318>
10000664:	03900513          	li	a0,57
10000668:	bb9ff0ef          	jal	10000220 <putchar>
1000066c:	fec42783          	lw	a5,-20(s0)
10000670:	ff778793          	add	a5,a5,-9
10000674:	fef42623          	sw	a5,-20(s0)
10000678:	1280006f          	j	100007a0 <print_dec+0x43c>
1000067c:	fec42703          	lw	a4,-20(s0)
10000680:	00700793          	li	a5,7
10000684:	00e7fe63          	bgeu	a5,a4,100006a0 <print_dec+0x33c>
10000688:	03800513          	li	a0,56
1000068c:	b95ff0ef          	jal	10000220 <putchar>
10000690:	fec42783          	lw	a5,-20(s0)
10000694:	ff878793          	add	a5,a5,-8
10000698:	fef42623          	sw	a5,-20(s0)
1000069c:	1040006f          	j	100007a0 <print_dec+0x43c>
100006a0:	fec42703          	lw	a4,-20(s0)
100006a4:	00600793          	li	a5,6
100006a8:	00e7fe63          	bgeu	a5,a4,100006c4 <print_dec+0x360>
100006ac:	03700513          	li	a0,55
100006b0:	b71ff0ef          	jal	10000220 <putchar>
100006b4:	fec42783          	lw	a5,-20(s0)
100006b8:	ff978793          	add	a5,a5,-7
100006bc:	fef42623          	sw	a5,-20(s0)
100006c0:	0e00006f          	j	100007a0 <print_dec+0x43c>
100006c4:	fec42703          	lw	a4,-20(s0)
100006c8:	00500793          	li	a5,5
100006cc:	00e7fe63          	bgeu	a5,a4,100006e8 <print_dec+0x384>
100006d0:	03600513          	li	a0,54
100006d4:	b4dff0ef          	jal	10000220 <putchar>
100006d8:	fec42783          	lw	a5,-20(s0)
100006dc:	ffa78793          	add	a5,a5,-6
100006e0:	fef42623          	sw	a5,-20(s0)
100006e4:	0bc0006f          	j	100007a0 <print_dec+0x43c>
100006e8:	fec42703          	lw	a4,-20(s0)
100006ec:	00400793          	li	a5,4
100006f0:	00e7fe63          	bgeu	a5,a4,1000070c <print_dec+0x3a8>
100006f4:	03500513          	li	a0,53
100006f8:	b29ff0ef          	jal	10000220 <putchar>
100006fc:	fec42783          	lw	a5,-20(s0)
10000700:	ffb78793          	add	a5,a5,-5
10000704:	fef42623          	sw	a5,-20(s0)
10000708:	0980006f          	j	100007a0 <print_dec+0x43c>
1000070c:	fec42703          	lw	a4,-20(s0)
10000710:	00300793          	li	a5,3
10000714:	00e7fe63          	bgeu	a5,a4,10000730 <print_dec+0x3cc>
10000718:	03400513          	li	a0,52
1000071c:	b05ff0ef          	jal	10000220 <putchar>
10000720:	fec42783          	lw	a5,-20(s0)
10000724:	ffc78793          	add	a5,a5,-4
10000728:	fef42623          	sw	a5,-20(s0)
1000072c:	0740006f          	j	100007a0 <print_dec+0x43c>
10000730:	fec42703          	lw	a4,-20(s0)
10000734:	00200793          	li	a5,2
10000738:	00e7fe63          	bgeu	a5,a4,10000754 <print_dec+0x3f0>
1000073c:	03300513          	li	a0,51
10000740:	ae1ff0ef          	jal	10000220 <putchar>
10000744:	fec42783          	lw	a5,-20(s0)
10000748:	ffd78793          	add	a5,a5,-3
1000074c:	fef42623          	sw	a5,-20(s0)
10000750:	0500006f          	j	100007a0 <print_dec+0x43c>
10000754:	fec42703          	lw	a4,-20(s0)
10000758:	00100793          	li	a5,1
1000075c:	00e7fe63          	bgeu	a5,a4,10000778 <print_dec+0x414>
10000760:	03200513          	li	a0,50
10000764:	abdff0ef          	jal	10000220 <putchar>
10000768:	fec42783          	lw	a5,-20(s0)
1000076c:	ffe78793          	add	a5,a5,-2
10000770:	fef42623          	sw	a5,-20(s0)
10000774:	02c0006f          	j	100007a0 <print_dec+0x43c>
10000778:	fec42783          	lw	a5,-20(s0)
1000077c:	00078e63          	beqz	a5,10000798 <print_dec+0x434>
10000780:	03100513          	li	a0,49
10000784:	a9dff0ef          	jal	10000220 <putchar>
10000788:	fec42783          	lw	a5,-20(s0)
1000078c:	fff78793          	add	a5,a5,-1
10000790:	fef42623          	sw	a5,-20(s0)
10000794:	00c0006f          	j	100007a0 <print_dec+0x43c>
10000798:	03000513          	li	a0,48
1000079c:	a85ff0ef          	jal	10000220 <putchar>
100007a0:	01c12083          	lw	ra,28(sp)
100007a4:	01812403          	lw	s0,24(sp)
100007a8:	02010113          	add	sp,sp,32
100007ac:	00008067          	ret

100007b0 <print_digit>:
100007b0:	fe010113          	add	sp,sp,-32
100007b4:	00112e23          	sw	ra,28(sp)
100007b8:	00812c23          	sw	s0,24(sp)
100007bc:	02010413          	add	s0,sp,32
100007c0:	fea42623          	sw	a0,-20(s0)
100007c4:	fec42783          	lw	a5,-20(s0)
100007c8:	00f7f793          	and	a5,a5,15
100007cc:	fef42623          	sw	a5,-20(s0)
100007d0:	fec42703          	lw	a4,-20(s0)
100007d4:	00900793          	li	a5,9
100007d8:	00f71863          	bne	a4,a5,100007e8 <print_digit+0x38>
100007dc:	03900513          	li	a0,57
100007e0:	a41ff0ef          	jal	10000220 <putchar>
100007e4:	1700006f          	j	10000954 <print_digit+0x1a4>
100007e8:	fec42703          	lw	a4,-20(s0)
100007ec:	00800793          	li	a5,8
100007f0:	00f71863          	bne	a4,a5,10000800 <print_digit+0x50>
100007f4:	03800513          	li	a0,56
100007f8:	a29ff0ef          	jal	10000220 <putchar>
100007fc:	1580006f          	j	10000954 <print_digit+0x1a4>
10000800:	fec42703          	lw	a4,-20(s0)
10000804:	00700793          	li	a5,7
10000808:	00f71863          	bne	a4,a5,10000818 <print_digit+0x68>
1000080c:	03700513          	li	a0,55
10000810:	a11ff0ef          	jal	10000220 <putchar>
10000814:	1400006f          	j	10000954 <print_digit+0x1a4>
10000818:	fec42703          	lw	a4,-20(s0)
1000081c:	00600793          	li	a5,6
10000820:	00f71863          	bne	a4,a5,10000830 <print_digit+0x80>
10000824:	03600513          	li	a0,54
10000828:	9f9ff0ef          	jal	10000220 <putchar>
1000082c:	1280006f          	j	10000954 <print_digit+0x1a4>
10000830:	fec42703          	lw	a4,-20(s0)
10000834:	00500793          	li	a5,5
10000838:	00f71863          	bne	a4,a5,10000848 <print_digit+0x98>
1000083c:	03500513          	li	a0,53
10000840:	9e1ff0ef          	jal	10000220 <putchar>
10000844:	1100006f          	j	10000954 <print_digit+0x1a4>
10000848:	fec42703          	lw	a4,-20(s0)
1000084c:	00400793          	li	a5,4
10000850:	00f71863          	bne	a4,a5,10000860 <print_digit+0xb0>
10000854:	03400513          	li	a0,52
10000858:	9c9ff0ef          	jal	10000220 <putchar>
1000085c:	0f80006f          	j	10000954 <print_digit+0x1a4>
10000860:	fec42703          	lw	a4,-20(s0)
10000864:	00300793          	li	a5,3
10000868:	00f71863          	bne	a4,a5,10000878 <print_digit+0xc8>
1000086c:	03300513          	li	a0,51
10000870:	9b1ff0ef          	jal	10000220 <putchar>
10000874:	0e00006f          	j	10000954 <print_digit+0x1a4>
10000878:	fec42703          	lw	a4,-20(s0)
1000087c:	00200793          	li	a5,2
10000880:	00f71863          	bne	a4,a5,10000890 <print_digit+0xe0>
10000884:	03200513          	li	a0,50
10000888:	999ff0ef          	jal	10000220 <putchar>
1000088c:	0c80006f          	j	10000954 <print_digit+0x1a4>
10000890:	fec42703          	lw	a4,-20(s0)
10000894:	00100793          	li	a5,1
10000898:	00f71863          	bne	a4,a5,100008a8 <print_digit+0xf8>
1000089c:	03100513          	li	a0,49
100008a0:	981ff0ef          	jal	10000220 <putchar>
100008a4:	0b00006f          	j	10000954 <print_digit+0x1a4>
100008a8:	fec42783          	lw	a5,-20(s0)
100008ac:	00079863          	bnez	a5,100008bc <print_digit+0x10c>
100008b0:	03000513          	li	a0,48
100008b4:	96dff0ef          	jal	10000220 <putchar>
100008b8:	09c0006f          	j	10000954 <print_digit+0x1a4>
100008bc:	fec42703          	lw	a4,-20(s0)
100008c0:	00a00793          	li	a5,10
100008c4:	00f71863          	bne	a4,a5,100008d4 <print_digit+0x124>
100008c8:	06100513          	li	a0,97
100008cc:	955ff0ef          	jal	10000220 <putchar>
100008d0:	0840006f          	j	10000954 <print_digit+0x1a4>
100008d4:	fec42703          	lw	a4,-20(s0)
100008d8:	00b00793          	li	a5,11
100008dc:	00f71863          	bne	a4,a5,100008ec <print_digit+0x13c>
100008e0:	06200513          	li	a0,98
100008e4:	93dff0ef          	jal	10000220 <putchar>
100008e8:	06c0006f          	j	10000954 <print_digit+0x1a4>
100008ec:	fec42703          	lw	a4,-20(s0)
100008f0:	00c00793          	li	a5,12
100008f4:	00f71863          	bne	a4,a5,10000904 <print_digit+0x154>
100008f8:	06300513          	li	a0,99
100008fc:	925ff0ef          	jal	10000220 <putchar>
10000900:	0540006f          	j	10000954 <print_digit+0x1a4>
10000904:	fec42703          	lw	a4,-20(s0)
10000908:	00d00793          	li	a5,13
1000090c:	00f71863          	bne	a4,a5,1000091c <print_digit+0x16c>
10000910:	06400513          	li	a0,100
10000914:	90dff0ef          	jal	10000220 <putchar>
10000918:	03c0006f          	j	10000954 <print_digit+0x1a4>
1000091c:	fec42703          	lw	a4,-20(s0)
10000920:	00e00793          	li	a5,14
10000924:	00f71863          	bne	a4,a5,10000934 <print_digit+0x184>
10000928:	06500513          	li	a0,101
1000092c:	8f5ff0ef          	jal	10000220 <putchar>
10000930:	0240006f          	j	10000954 <print_digit+0x1a4>
10000934:	fec42703          	lw	a4,-20(s0)
10000938:	00f00793          	li	a5,15
1000093c:	00f71863          	bne	a4,a5,1000094c <print_digit+0x19c>
10000940:	06600513          	li	a0,102
10000944:	8ddff0ef          	jal	10000220 <putchar>
10000948:	00c0006f          	j	10000954 <print_digit+0x1a4>
1000094c:	02a00513          	li	a0,42
10000950:	8d1ff0ef          	jal	10000220 <putchar>
10000954:	00000013          	nop
10000958:	01c12083          	lw	ra,28(sp)
1000095c:	01812403          	lw	s0,24(sp)
10000960:	02010113          	add	sp,sp,32
10000964:	00008067          	ret

10000968 <flush_cpu_icache>:
10000968:	ff010113          	add	sp,sp,-16
1000096c:	00812623          	sw	s0,12(sp)
10000970:	01010413          	add	s0,sp,16
10000974:	00000013          	nop
10000978:	00c12403          	lw	s0,12(sp)
1000097c:	01010113          	add	sp,sp,16
10000980:	00008067          	ret

10000984 <flush_cpu_dcache>:
10000984:	ff010113          	add	sp,sp,-16
10000988:	00812623          	sw	s0,12(sp)
1000098c:	01010413          	add	s0,sp,16
10000990:	00000013          	nop
10000994:	00c12403          	lw	s0,12(sp)
10000998:	01010113          	add	sp,sp,16
1000099c:	00008067          	ret

100009a0 <configure_io>:
100009a0:	ff010113          	add	sp,sp,-16
100009a4:	00812623          	sw	s0,12(sp)
100009a8:	01010413          	add	s0,sp,16
100009ac:	260007b7          	lui	a5,0x26000
100009b0:	02478793          	add	a5,a5,36 # 26000024 <_fdata_rom+0x15ffed24>
100009b4:	00b00713          	li	a4,11
100009b8:	00e7a023          	sw	a4,0(a5)
100009bc:	260007b7          	lui	a5,0x26000
100009c0:	02878793          	add	a5,a5,40 # 26000028 <_fdata_rom+0x15ffed28>
100009c4:	00002737          	lui	a4,0x2
100009c8:	80970713          	add	a4,a4,-2039 # 1809 <_fstack+0x1409>
100009cc:	00e7a023          	sw	a4,0(a5)
100009d0:	260007b7          	lui	a5,0x26000
100009d4:	02c78793          	add	a5,a5,44 # 2600002c <_fdata_rom+0x15ffed2c>
100009d8:	40300713          	li	a4,1027
100009dc:	00e7a023          	sw	a4,0(a5)
100009e0:	260007b7          	lui	a5,0x26000
100009e4:	03078793          	add	a5,a5,48 # 26000030 <_fdata_rom+0x15ffed30>
100009e8:	40300713          	li	a4,1027
100009ec:	00e7a023          	sw	a4,0(a5)
100009f0:	260007b7          	lui	a5,0x26000
100009f4:	03478793          	add	a5,a5,52 # 26000034 <_fdata_rom+0x15ffed34>
100009f8:	40300713          	li	a4,1027
100009fc:	00e7a023          	sw	a4,0(a5)
10000a00:	260007b7          	lui	a5,0x26000
10000a04:	03878793          	add	a5,a5,56 # 26000038 <_fdata_rom+0x15ffed38>
10000a08:	40300713          	li	a4,1027
10000a0c:	00e7a023          	sw	a4,0(a5)
10000a10:	260007b7          	lui	a5,0x26000
10000a14:	03c78793          	add	a5,a5,60 # 2600003c <_fdata_rom+0x15ffed3c>
10000a18:	00002737          	lui	a4,0x2
10000a1c:	80970713          	add	a4,a4,-2039 # 1809 <_fstack+0x1409>
10000a20:	00e7a023          	sw	a4,0(a5)
10000a24:	260007b7          	lui	a5,0x26000
10000a28:	04078793          	add	a5,a5,64 # 26000040 <_fdata_rom+0x15ffed40>
10000a2c:	00002737          	lui	a4,0x2
10000a30:	80970713          	add	a4,a4,-2039 # 1809 <_fstack+0x1409>
10000a34:	00e7a023          	sw	a4,0(a5)
10000a38:	260007b7          	lui	a5,0x26000
10000a3c:	04478793          	add	a5,a5,68 # 26000044 <_fdata_rom+0x15ffed44>
10000a40:	00002737          	lui	a4,0x2
10000a44:	80970713          	add	a4,a4,-2039 # 1809 <_fstack+0x1409>
10000a48:	00e7a023          	sw	a4,0(a5)
10000a4c:	260007b7          	lui	a5,0x26000
10000a50:	04878793          	add	a5,a5,72 # 26000048 <_fdata_rom+0x15ffed48>
10000a54:	00002737          	lui	a4,0x2
10000a58:	80970713          	add	a4,a4,-2039 # 1809 <_fstack+0x1409>
10000a5c:	00e7a023          	sw	a4,0(a5)
10000a60:	260007b7          	lui	a5,0x26000
10000a64:	04c78793          	add	a5,a5,76 # 2600004c <_fdata_rom+0x15ffed4c>
10000a68:	00002737          	lui	a4,0x2
10000a6c:	80970713          	add	a4,a4,-2039 # 1809 <_fstack+0x1409>
10000a70:	00e7a023          	sw	a4,0(a5)
10000a74:	260007b7          	lui	a5,0x26000
10000a78:	05078793          	add	a5,a5,80 # 26000050 <_fdata_rom+0x15ffed50>
10000a7c:	00002737          	lui	a4,0x2
10000a80:	80970713          	add	a4,a4,-2039 # 1809 <_fstack+0x1409>
10000a84:	00e7a023          	sw	a4,0(a5)
10000a88:	260007b7          	lui	a5,0x26000
10000a8c:	05478793          	add	a5,a5,84 # 26000054 <_fdata_rom+0x15ffed54>
10000a90:	00002737          	lui	a4,0x2
10000a94:	80970713          	add	a4,a4,-2039 # 1809 <_fstack+0x1409>
10000a98:	00e7a023          	sw	a4,0(a5)
10000a9c:	260007b7          	lui	a5,0x26000
10000aa0:	05878793          	add	a5,a5,88 # 26000058 <_fdata_rom+0x15ffed58>
10000aa4:	00002737          	lui	a4,0x2
10000aa8:	80970713          	add	a4,a4,-2039 # 1809 <_fstack+0x1409>
10000aac:	00e7a023          	sw	a4,0(a5)
10000ab0:	260007b7          	lui	a5,0x26000
10000ab4:	05c78793          	add	a5,a5,92 # 2600005c <_fdata_rom+0x15ffed5c>
10000ab8:	00002737          	lui	a4,0x2
10000abc:	80970713          	add	a4,a4,-2039 # 1809 <_fstack+0x1409>
10000ac0:	00e7a023          	sw	a4,0(a5)
10000ac4:	260007b7          	lui	a5,0x26000
10000ac8:	06078793          	add	a5,a5,96 # 26000060 <_fdata_rom+0x15ffed60>
10000acc:	00002737          	lui	a4,0x2
10000ad0:	80970713          	add	a4,a4,-2039 # 1809 <_fstack+0x1409>
10000ad4:	00e7a023          	sw	a4,0(a5)
10000ad8:	260007b7          	lui	a5,0x26000
10000adc:	06478793          	add	a5,a5,100 # 26000064 <_fdata_rom+0x15ffed64>
10000ae0:	00002737          	lui	a4,0x2
10000ae4:	80970713          	add	a4,a4,-2039 # 1809 <_fstack+0x1409>
10000ae8:	00e7a023          	sw	a4,0(a5)
10000aec:	260007b7          	lui	a5,0x26000
10000af0:	06878793          	add	a5,a5,104 # 26000068 <_fdata_rom+0x15ffed68>
10000af4:	00002737          	lui	a4,0x2
10000af8:	80970713          	add	a4,a4,-2039 # 1809 <_fstack+0x1409>
10000afc:	00e7a023          	sw	a4,0(a5)
10000b00:	260007b7          	lui	a5,0x26000
10000b04:	06c78793          	add	a5,a5,108 # 2600006c <_fdata_rom+0x15ffed6c>
10000b08:	00002737          	lui	a4,0x2
10000b0c:	80970713          	add	a4,a4,-2039 # 1809 <_fstack+0x1409>
10000b10:	00e7a023          	sw	a4,0(a5)
10000b14:	260007b7          	lui	a5,0x26000
10000b18:	07078793          	add	a5,a5,112 # 26000070 <_fdata_rom+0x15ffed70>
10000b1c:	00002737          	lui	a4,0x2
10000b20:	80970713          	add	a4,a4,-2039 # 1809 <_fstack+0x1409>
10000b24:	00e7a023          	sw	a4,0(a5)
10000b28:	260007b7          	lui	a5,0x26000
10000b2c:	07478793          	add	a5,a5,116 # 26000074 <_fdata_rom+0x15ffed74>
10000b30:	00002737          	lui	a4,0x2
10000b34:	80970713          	add	a4,a4,-2039 # 1809 <_fstack+0x1409>
10000b38:	00e7a023          	sw	a4,0(a5)
10000b3c:	260007b7          	lui	a5,0x26000
10000b40:	07878793          	add	a5,a5,120 # 26000078 <_fdata_rom+0x15ffed78>
10000b44:	00002737          	lui	a4,0x2
10000b48:	80970713          	add	a4,a4,-2039 # 1809 <_fstack+0x1409>
10000b4c:	00e7a023          	sw	a4,0(a5)
10000b50:	260007b7          	lui	a5,0x26000
10000b54:	07c78793          	add	a5,a5,124 # 2600007c <_fdata_rom+0x15ffed7c>
10000b58:	00002737          	lui	a4,0x2
10000b5c:	80970713          	add	a4,a4,-2039 # 1809 <_fstack+0x1409>
10000b60:	00e7a023          	sw	a4,0(a5)
10000b64:	260007b7          	lui	a5,0x26000
10000b68:	08078793          	add	a5,a5,128 # 26000080 <_fdata_rom+0x15ffed80>
10000b6c:	00002737          	lui	a4,0x2
10000b70:	80970713          	add	a4,a4,-2039 # 1809 <_fstack+0x1409>
10000b74:	00e7a023          	sw	a4,0(a5)
10000b78:	260007b7          	lui	a5,0x26000
10000b7c:	08478793          	add	a5,a5,132 # 26000084 <_fdata_rom+0x15ffed84>
10000b80:	00002737          	lui	a4,0x2
10000b84:	80970713          	add	a4,a4,-2039 # 1809 <_fstack+0x1409>
10000b88:	00e7a023          	sw	a4,0(a5)
10000b8c:	260007b7          	lui	a5,0x26000
10000b90:	08878793          	add	a5,a5,136 # 26000088 <_fdata_rom+0x15ffed88>
10000b94:	00002737          	lui	a4,0x2
10000b98:	80970713          	add	a4,a4,-2039 # 1809 <_fstack+0x1409>
10000b9c:	00e7a023          	sw	a4,0(a5)
10000ba0:	260007b7          	lui	a5,0x26000
10000ba4:	08c78793          	add	a5,a5,140 # 2600008c <_fdata_rom+0x15ffed8c>
10000ba8:	00002737          	lui	a4,0x2
10000bac:	80970713          	add	a4,a4,-2039 # 1809 <_fstack+0x1409>
10000bb0:	00e7a023          	sw	a4,0(a5)
10000bb4:	260007b7          	lui	a5,0x26000
10000bb8:	09078793          	add	a5,a5,144 # 26000090 <_fdata_rom+0x15ffed90>
10000bbc:	00002737          	lui	a4,0x2
10000bc0:	80970713          	add	a4,a4,-2039 # 1809 <_fstack+0x1409>
10000bc4:	00e7a023          	sw	a4,0(a5)
10000bc8:	260007b7          	lui	a5,0x26000
10000bcc:	09478793          	add	a5,a5,148 # 26000094 <_fdata_rom+0x15ffed94>
10000bd0:	00002737          	lui	a4,0x2
10000bd4:	80970713          	add	a4,a4,-2039 # 1809 <_fstack+0x1409>
10000bd8:	00e7a023          	sw	a4,0(a5)
10000bdc:	260007b7          	lui	a5,0x26000
10000be0:	09878793          	add	a5,a5,152 # 26000098 <_fdata_rom+0x15ffed98>
10000be4:	00002737          	lui	a4,0x2
10000be8:	80970713          	add	a4,a4,-2039 # 1809 <_fstack+0x1409>
10000bec:	00e7a023          	sw	a4,0(a5)
10000bf0:	260007b7          	lui	a5,0x26000
10000bf4:	09c78793          	add	a5,a5,156 # 2600009c <_fdata_rom+0x15ffed9c>
10000bf8:	00002737          	lui	a4,0x2
10000bfc:	80970713          	add	a4,a4,-2039 # 1809 <_fstack+0x1409>
10000c00:	00e7a023          	sw	a4,0(a5)
10000c04:	260007b7          	lui	a5,0x26000
10000c08:	0a078793          	add	a5,a5,160 # 260000a0 <_fdata_rom+0x15ffeda0>
10000c0c:	00002737          	lui	a4,0x2
10000c10:	80970713          	add	a4,a4,-2039 # 1809 <_fstack+0x1409>
10000c14:	00e7a023          	sw	a4,0(a5)
10000c18:	260007b7          	lui	a5,0x26000
10000c1c:	0a478793          	add	a5,a5,164 # 260000a4 <_fdata_rom+0x15ffeda4>
10000c20:	00002737          	lui	a4,0x2
10000c24:	80970713          	add	a4,a4,-2039 # 1809 <_fstack+0x1409>
10000c28:	00e7a023          	sw	a4,0(a5)
10000c2c:	260007b7          	lui	a5,0x26000
10000c30:	0a878793          	add	a5,a5,168 # 260000a8 <_fdata_rom+0x15ffeda8>
10000c34:	00002737          	lui	a4,0x2
10000c38:	80970713          	add	a4,a4,-2039 # 1809 <_fstack+0x1409>
10000c3c:	00e7a023          	sw	a4,0(a5)
10000c40:	260007b7          	lui	a5,0x26000
10000c44:	0ac78793          	add	a5,a5,172 # 260000ac <_fdata_rom+0x15ffedac>
10000c48:	00002737          	lui	a4,0x2
10000c4c:	80970713          	add	a4,a4,-2039 # 1809 <_fstack+0x1409>
10000c50:	00e7a023          	sw	a4,0(a5)
10000c54:	260007b7          	lui	a5,0x26000
10000c58:	0b078793          	add	a5,a5,176 # 260000b0 <_fdata_rom+0x15ffedb0>
10000c5c:	00002737          	lui	a4,0x2
10000c60:	80970713          	add	a4,a4,-2039 # 1809 <_fstack+0x1409>
10000c64:	00e7a023          	sw	a4,0(a5)
10000c68:	260007b7          	lui	a5,0x26000
10000c6c:	0b478793          	add	a5,a5,180 # 260000b4 <_fdata_rom+0x15ffedb4>
10000c70:	00002737          	lui	a4,0x2
10000c74:	80970713          	add	a4,a4,-2039 # 1809 <_fstack+0x1409>
10000c78:	00e7a023          	sw	a4,0(a5)
10000c7c:	260007b7          	lui	a5,0x26000
10000c80:	0b878793          	add	a5,a5,184 # 260000b8 <_fdata_rom+0x15ffedb8>
10000c84:	00002737          	lui	a4,0x2
10000c88:	80970713          	add	a4,a4,-2039 # 1809 <_fstack+0x1409>
10000c8c:	00e7a023          	sw	a4,0(a5)
10000c90:	260007b7          	lui	a5,0x26000
10000c94:	00100713          	li	a4,1
10000c98:	00e7a023          	sw	a4,0(a5) # 26000000 <_fdata_rom+0x15ffed00>
10000c9c:	00000013          	nop
10000ca0:	260007b7          	lui	a5,0x26000
10000ca4:	0007a703          	lw	a4,0(a5) # 26000000 <_fdata_rom+0x15ffed00>
10000ca8:	00100793          	li	a5,1
10000cac:	fef70ae3          	beq	a4,a5,10000ca0 <configure_io+0x300>
10000cb0:	00000013          	nop
10000cb4:	00000013          	nop
10000cb8:	00c12403          	lw	s0,12(sp)
10000cbc:	01010113          	add	sp,sp,16
10000cc0:	00008067          	ret

10000cc4 <delay>:
10000cc4:	fe010113          	add	sp,sp,-32
10000cc8:	00812e23          	sw	s0,28(sp)
10000ccc:	02010413          	add	s0,sp,32
10000cd0:	fea42623          	sw	a0,-20(s0)
10000cd4:	f00057b7          	lui	a5,0xf0005
10000cd8:	00878793          	add	a5,a5,8 # f0005008 <_fdata_rom+0xe0003d08>
10000cdc:	0007a023          	sw	zero,0(a5)
10000ce0:	f00057b7          	lui	a5,0xf0005
10000ce4:	fec42703          	lw	a4,-20(s0)
10000ce8:	00e7a023          	sw	a4,0(a5) # f0005000 <_fdata_rom+0xe0003d00>
10000cec:	f00057b7          	lui	a5,0xf0005
10000cf0:	00878793          	add	a5,a5,8 # f0005008 <_fdata_rom+0xe0003d08>
10000cf4:	00100713          	li	a4,1
10000cf8:	00e7a023          	sw	a4,0(a5)
10000cfc:	f00057b7          	lui	a5,0xf0005
10000d00:	00c78793          	add	a5,a5,12 # f000500c <_fdata_rom+0xe0003d0c>
10000d04:	00100713          	li	a4,1
10000d08:	00e7a023          	sw	a4,0(a5)
10000d0c:	0140006f          	j	10000d20 <delay+0x5c>
10000d10:	f00057b7          	lui	a5,0xf0005
10000d14:	00c78793          	add	a5,a5,12 # f000500c <_fdata_rom+0xe0003d0c>
10000d18:	00100713          	li	a4,1
10000d1c:	00e7a023          	sw	a4,0(a5)
10000d20:	f00057b7          	lui	a5,0xf0005
10000d24:	01078793          	add	a5,a5,16 # f0005010 <_fdata_rom+0xe0003d10>
10000d28:	0007a783          	lw	a5,0(a5)
10000d2c:	fe0792e3          	bnez	a5,10000d10 <delay+0x4c>
10000d30:	00000013          	nop
10000d34:	00000013          	nop
10000d38:	01c12403          	lw	s0,28(sp)
10000d3c:	02010113          	add	sp,sp,32
10000d40:	00008067          	ret

10000d44 <main>:
10000d44:	ff010113          	add	sp,sp,-16
10000d48:	00112623          	sw	ra,12(sp)
10000d4c:	00812423          	sw	s0,8(sp)
10000d50:	01010413          	add	s0,sp,16
10000d54:	f00037b7          	lui	a5,0xf0003
10000d58:	80078793          	add	a5,a5,-2048 # f0002800 <_fdata_rom+0xe0001500>
10000d5c:	00100713          	li	a4,1
10000d60:	00e7a023          	sw	a4,0(a5)
10000d64:	f00037b7          	lui	a5,0xf0003
10000d68:	80478793          	add	a5,a5,-2044 # f0002804 <_fdata_rom+0xe0001504>
10000d6c:	0007a023          	sw	zero,0(a5)
10000d70:	f00037b7          	lui	a5,0xf0003
10000d74:	80878793          	add	a5,a5,-2040 # f0002808 <_fdata_rom+0xe0001508>
10000d78:	00100713          	li	a4,1
10000d7c:	00e7a023          	sw	a4,0(a5)
10000d80:	f00037b7          	lui	a5,0xf0003
10000d84:	80c78793          	add	a5,a5,-2036 # f000280c <_fdata_rom+0xe000150c>
10000d88:	00100713          	li	a4,1
10000d8c:	00e7a023          	sw	a4,0(a5)
10000d90:	c11ff0ef          	jal	100009a0 <configure_io>
10000d94:	f00067b7          	lui	a5,0xf0006
10000d98:	00100713          	li	a4,1
10000d9c:	00e7a023          	sw	a4,0(a5) # f0006000 <_fdata_rom+0xe0004d00>
10000da0:	f00037b7          	lui	a5,0xf0003
10000da4:	00c78713          	add	a4,a5,12 # f000300c <_fdata_rom+0xe0001d0c>
10000da8:	00000793          	li	a5,0
10000dac:	00f72023          	sw	a5,0(a4)
10000db0:	f0003737          	lui	a4,0xf0003
10000db4:	01c70713          	add	a4,a4,28 # f000301c <_fdata_rom+0xe0001d1c>
10000db8:	00f72023          	sw	a5,0(a4)
10000dbc:	f00037b7          	lui	a5,0xf0003
10000dc0:	00878713          	add	a4,a5,8 # f0003008 <_fdata_rom+0xe0001d08>
10000dc4:	00000793          	li	a5,0
10000dc8:	00f72023          	sw	a5,0(a4)
10000dcc:	f0003737          	lui	a4,0xf0003
10000dd0:	01870713          	add	a4,a4,24 # f0003018 <_fdata_rom+0xe0001d18>
10000dd4:	00f72023          	sw	a5,0(a4)
10000dd8:	f00037b7          	lui	a5,0xf0003
10000ddc:	00478713          	add	a4,a5,4 # f0003004 <_fdata_rom+0xe0001d04>
10000de0:	00000793          	li	a5,0
10000de4:	00f72023          	sw	a5,0(a4)
10000de8:	f0003737          	lui	a4,0xf0003
10000dec:	01470713          	add	a4,a4,20 # f0003014 <_fdata_rom+0xe0001d14>
10000df0:	00f72023          	sw	a5,0(a4)
10000df4:	f0003737          	lui	a4,0xf0003
10000df8:	00000793          	li	a5,0
10000dfc:	00f72023          	sw	a5,0(a4) # f0003000 <_fdata_rom+0xe0001d00>
10000e00:	f0003737          	lui	a4,0xf0003
10000e04:	01070713          	add	a4,a4,16 # f0003010 <_fdata_rom+0xe0001d10>
10000e08:	00f72023          	sw	a5,0(a4)
10000e0c:	100017b7          	lui	a5,0x10001
10000e10:	f1c78513          	add	a0,a5,-228 # 10000f1c <_etext+0x1c>
10000e14:	c74ff0ef          	jal	10000288 <print>
10000e18:	f00037b7          	lui	a5,0xf0003
10000e1c:	81478793          	add	a5,a5,-2028 # f0002814 <_fdata_rom+0xe0001514>
10000e20:	00100713          	li	a4,1
10000e24:	00e7a023          	sw	a4,0(a5)
10000e28:	260007b7          	lui	a5,0x26000
10000e2c:	00c78793          	add	a5,a5,12 # 2600000c <_fdata_rom+0x15ffed0c>
10000e30:	0007a023          	sw	zero,0(a5)
10000e34:	260007b7          	lui	a5,0x26000
10000e38:	01078793          	add	a5,a5,16 # 26000010 <_fdata_rom+0x15ffed10>
10000e3c:	0007a023          	sw	zero,0(a5)
10000e40:	2faf17b7          	lui	a5,0x2faf1
10000e44:	80078513          	add	a0,a5,-2048 # 2faf0800 <_fdata_rom+0x1faef500>
10000e48:	e7dff0ef          	jal	10000cc4 <delay>
10000e4c:	f00037b7          	lui	a5,0xf0003
10000e50:	81478793          	add	a5,a5,-2028 # f0002814 <_fdata_rom+0xe0001514>
10000e54:	0007a023          	sw	zero,0(a5)
10000e58:	260007b7          	lui	a5,0x26000
10000e5c:	01078793          	add	a5,a5,16 # 26000010 <_fdata_rom+0x15ffed10>
10000e60:	03f00713          	li	a4,63
10000e64:	00e7a023          	sw	a4,0(a5)
10000e68:	260007b7          	lui	a5,0x26000
10000e6c:	00c78793          	add	a5,a5,12 # 2600000c <_fdata_rom+0x15ffed0c>
10000e70:	fff00713          	li	a4,-1
10000e74:	00e7a023          	sw	a4,0(a5)
10000e78:	2faf17b7          	lui	a5,0x2faf1
10000e7c:	80078513          	add	a0,a5,-2048 # 2faf0800 <_fdata_rom+0x1faef500>
10000e80:	e45ff0ef          	jal	10000cc4 <delay>
10000e84:	f95ff06f          	j	10000e18 <main+0xd4>
	...

Disassembly of section .rodata:

10000f00 <_frodata>:
10000f00:	3130                	.insn	2, 0x3130
10000f02:	3332                	.insn	2, 0x3332
10000f04:	3534                	.insn	2, 0x3534
10000f06:	3736                	.insn	2, 0x3736
10000f08:	3938                	.insn	2, 0x3938
10000f0a:	6261                	.insn	2, 0x6261
10000f0c:	66656463          	bltu	a0,t1,10001574 <_fdata_rom+0x274>
10000f10:	0000                	.insn	2, 0x
10000f12:	0000                	.insn	2, 0x
10000f14:	5245564f          	.insn	4, 0x5245564f
10000f18:	0000                	.insn	2, 0x
10000f1a:	0000                	.insn	2, 0x
10000f1c:	6548                	.insn	2, 0x6548
10000f1e:	6c6c                	.insn	2, 0x6c6c
10000f20:	6f57206f          	j	10073e14 <_fdata_rom+0x72b14>
10000f24:	6c72                	.insn	2, 0x6c72
10000f26:	2064                	.insn	2, 0x2064
10000f28:	2121                	.insn	2, 0x2121
	...

Disassembly of section .eh_frame:

10001000 <.eh_frame>:
10001000:	0010                	.insn	2, 0x0010
10001002:	0000                	.insn	2, 0x
10001004:	0000                	.insn	2, 0x
10001006:	0000                	.insn	2, 0x
10001008:	00527a03          	.insn	4, 0x00527a03
1000100c:	7c01                	.insn	2, 0x7c01
1000100e:	0101                	.insn	2, 0x0101
10001010:	00020d1b          	.insn	4, 0x00020d1b
10001014:	0020                	.insn	2, 0x0020
10001016:	0000                	.insn	2, 0x
10001018:	0018                	.insn	2, 0x0018
1000101a:	0000                	.insn	2, 0x
1000101c:	f0f8                	.insn	2, 0xf0f8
1000101e:	ffff                	.insn	2, 0xffff
10001020:	001c                	.insn	2, 0x001c
10001022:	0000                	.insn	2, 0x
10001024:	4400                	.insn	2, 0x4400
10001026:	100e                	.insn	2, 0x100e
10001028:	8844                	.insn	2, 0x8844
1000102a:	4401                	.insn	2, 0x4401
1000102c:	080c                	.insn	2, 0x080c
1000102e:	4800                	.insn	2, 0x4800
10001030:	0cc8                	.insn	2, 0x0cc8
10001032:	1002                	.insn	2, 0x1002
10001034:	0e44                	.insn	2, 0x0e44
10001036:	0000                	.insn	2, 0x
10001038:	0020                	.insn	2, 0x0020
1000103a:	0000                	.insn	2, 0x
1000103c:	003c                	.insn	2, 0x003c
1000103e:	0000                	.insn	2, 0x
10001040:	f0f0                	.insn	2, 0xf0f0
10001042:	ffff                	.insn	2, 0xffff
10001044:	001c                	.insn	2, 0x001c
10001046:	0000                	.insn	2, 0x
10001048:	4400                	.insn	2, 0x4400
1000104a:	100e                	.insn	2, 0x100e
1000104c:	8844                	.insn	2, 0x8844
1000104e:	4401                	.insn	2, 0x4401
10001050:	080c                	.insn	2, 0x080c
10001052:	4800                	.insn	2, 0x4800
10001054:	0cc8                	.insn	2, 0x0cc8
10001056:	1002                	.insn	2, 0x1002
10001058:	0e44                	.insn	2, 0x0e44
1000105a:	0000                	.insn	2, 0x
1000105c:	0020                	.insn	2, 0x0020
1000105e:	0000                	.insn	2, 0x
10001060:	0060                	.insn	2, 0x0060
10001062:	0000                	.insn	2, 0x
10001064:	f0e8                	.insn	2, 0xf0e8
10001066:	ffff                	.insn	2, 0xffff
10001068:	0028                	.insn	2, 0x0028
1000106a:	0000                	.insn	2, 0x
1000106c:	4400                	.insn	2, 0x4400
1000106e:	200e                	.insn	2, 0x200e
10001070:	8844                	.insn	2, 0x8844
10001072:	4401                	.insn	2, 0x4401
10001074:	080c                	.insn	2, 0x080c
10001076:	5400                	.insn	2, 0x5400
10001078:	0cc8                	.insn	2, 0x0cc8
1000107a:	2002                	.insn	2, 0x2002
1000107c:	0e44                	.insn	2, 0x0e44
1000107e:	0000                	.insn	2, 0x
10001080:	0024                	.insn	2, 0x0024
10001082:	0000                	.insn	2, 0x
10001084:	0084                	.insn	2, 0x0084
10001086:	0000                	.insn	2, 0x
10001088:	f0ec                	.insn	2, 0xf0ec
1000108a:	ffff                	.insn	2, 0xffff
1000108c:	0074                	.insn	2, 0x0074
1000108e:	0000                	.insn	2, 0x
10001090:	4400                	.insn	2, 0x4400
10001092:	100e                	.insn	2, 0x100e
10001094:	8148                	.insn	2, 0x8148
10001096:	8801                	.insn	2, 0x8801
10001098:	4402                	.insn	2, 0x4402
1000109a:	080c                	.insn	2, 0x080c
1000109c:	0200                	.insn	2, 0x0200
1000109e:	c158                	.insn	2, 0xc158
100010a0:	c844                	.insn	2, 0xc844
100010a2:	020c                	.insn	2, 0x020c
100010a4:	4410                	.insn	2, 0x4410
100010a6:	000e                	.insn	2, 0x000e
100010a8:	0020                	.insn	2, 0x0020
100010aa:	0000                	.insn	2, 0x
100010ac:	00ac                	.insn	2, 0x00ac
100010ae:	0000                	.insn	2, 0x
100010b0:	f138                	.insn	2, 0xf138
100010b2:	ffff                	.insn	2, 0xffff
100010b4:	001c                	.insn	2, 0x001c
100010b6:	0000                	.insn	2, 0x
100010b8:	4400                	.insn	2, 0x4400
100010ba:	100e                	.insn	2, 0x100e
100010bc:	8844                	.insn	2, 0x8844
100010be:	4401                	.insn	2, 0x4401
100010c0:	080c                	.insn	2, 0x080c
100010c2:	4800                	.insn	2, 0x4800
100010c4:	0cc8                	.insn	2, 0x0cc8
100010c6:	1002                	.insn	2, 0x1002
100010c8:	0e44                	.insn	2, 0x0e44
100010ca:	0000                	.insn	2, 0x
100010cc:	0020                	.insn	2, 0x0020
100010ce:	0000                	.insn	2, 0x
100010d0:	00d0                	.insn	2, 0x00d0
100010d2:	0000                	.insn	2, 0x
100010d4:	f130                	.insn	2, 0xf130
100010d6:	ffff                	.insn	2, 0xffff
100010d8:	001c                	.insn	2, 0x001c
100010da:	0000                	.insn	2, 0x
100010dc:	4400                	.insn	2, 0x4400
100010de:	100e                	.insn	2, 0x100e
100010e0:	8844                	.insn	2, 0x8844
100010e2:	4401                	.insn	2, 0x4401
100010e4:	080c                	.insn	2, 0x080c
100010e6:	4800                	.insn	2, 0x4800
100010e8:	0cc8                	.insn	2, 0x0cc8
100010ea:	1002                	.insn	2, 0x1002
100010ec:	0e44                	.insn	2, 0x0e44
100010ee:	0000                	.insn	2, 0x
100010f0:	0024                	.insn	2, 0x0024
100010f2:	0000                	.insn	2, 0x
100010f4:	00f4                	.insn	2, 0x00f4
100010f6:	0000                	.insn	2, 0x
100010f8:	f128                	.insn	2, 0xf128
100010fa:	ffff                	.insn	2, 0xffff
100010fc:	0068                	.insn	2, 0x0068
100010fe:	0000                	.insn	2, 0x
10001100:	4400                	.insn	2, 0x4400
10001102:	200e                	.insn	2, 0x200e
10001104:	8148                	.insn	2, 0x8148
10001106:	8801                	.insn	2, 0x8801
10001108:	4402                	.insn	2, 0x4402
1000110a:	080c                	.insn	2, 0x080c
1000110c:	0200                	.insn	2, 0x0200
1000110e:	c14c                	.insn	2, 0xc14c
10001110:	c844                	.insn	2, 0xc844
10001112:	020c                	.insn	2, 0x020c
10001114:	4420                	.insn	2, 0x4420
10001116:	000e                	.insn	2, 0x000e
10001118:	0024                	.insn	2, 0x0024
1000111a:	0000                	.insn	2, 0x
1000111c:	011c                	.insn	2, 0x011c
1000111e:	0000                	.insn	2, 0x
10001120:	f168                	.insn	2, 0xf168
10001122:	ffff                	.insn	2, 0xffff
10001124:	0054                	.insn	2, 0x0054
10001126:	0000                	.insn	2, 0x
10001128:	4400                	.insn	2, 0x4400
1000112a:	200e                	.insn	2, 0x200e
1000112c:	8148                	.insn	2, 0x8148
1000112e:	8801                	.insn	2, 0x8801
10001130:	4402                	.insn	2, 0x4402
10001132:	080c                	.insn	2, 0x080c
10001134:	7800                	.insn	2, 0x7800
10001136:	44c1                	.insn	2, 0x44c1
10001138:	0cc8                	.insn	2, 0x0cc8
1000113a:	2002                	.insn	2, 0x2002
1000113c:	0e44                	.insn	2, 0x0e44
1000113e:	0000                	.insn	2, 0x
10001140:	0024                	.insn	2, 0x0024
10001142:	0000                	.insn	2, 0x
10001144:	0144                	.insn	2, 0x0144
10001146:	0000                	.insn	2, 0x
10001148:	f194                	.insn	2, 0xf194
1000114a:	ffff                	.insn	2, 0xffff
1000114c:	0088                	.insn	2, 0x0088
1000114e:	0000                	.insn	2, 0x
10001150:	4400                	.insn	2, 0x4400
10001152:	300e                	.insn	2, 0x300e
10001154:	8148                	.insn	2, 0x8148
10001156:	8801                	.insn	2, 0x8801
10001158:	4402                	.insn	2, 0x4402
1000115a:	080c                	.insn	2, 0x080c
1000115c:	0200                	.insn	2, 0x0200
1000115e:	c16c                	.insn	2, 0xc16c
10001160:	c844                	.insn	2, 0xc844
10001162:	020c                	.insn	2, 0x020c
10001164:	4430                	.insn	2, 0x4430
10001166:	000e                	.insn	2, 0x000e
10001168:	0028                	.insn	2, 0x0028
1000116a:	0000                	.insn	2, 0x
1000116c:	016c                	.insn	2, 0x016c
1000116e:	0000                	.insn	2, 0x
10001170:	f1f4                	.insn	2, 0xf1f4
10001172:	ffff                	.insn	2, 0xffff
10001174:	044c                	.insn	2, 0x044c
10001176:	0000                	.insn	2, 0x
10001178:	4400                	.insn	2, 0x4400
1000117a:	200e                	.insn	2, 0x200e
1000117c:	8148                	.insn	2, 0x8148
1000117e:	8801                	.insn	2, 0x8801
10001180:	4402                	.insn	2, 0x4402
10001182:	080c                	.insn	2, 0x080c
10001184:	0300                	.insn	2, 0x0300
10001186:	0430                	.insn	2, 0x0430
10001188:	44c1                	.insn	2, 0x44c1
1000118a:	0cc8                	.insn	2, 0x0cc8
1000118c:	2002                	.insn	2, 0x2002
1000118e:	0e44                	.insn	2, 0x0e44
10001190:	0000                	.insn	2, 0x
10001192:	0000                	.insn	2, 0x
10001194:	0028                	.insn	2, 0x0028
10001196:	0000                	.insn	2, 0x
10001198:	0198                	.insn	2, 0x0198
1000119a:	0000                	.insn	2, 0x
1000119c:	f614                	.insn	2, 0xf614
1000119e:	ffff                	.insn	2, 0xffff
100011a0:	01b8                	.insn	2, 0x01b8
100011a2:	0000                	.insn	2, 0x
100011a4:	4400                	.insn	2, 0x4400
100011a6:	200e                	.insn	2, 0x200e
100011a8:	8148                	.insn	2, 0x8148
100011aa:	8801                	.insn	2, 0x8801
100011ac:	4402                	.insn	2, 0x4402
100011ae:	080c                	.insn	2, 0x080c
100011b0:	0300                	.insn	2, 0x0300
100011b2:	019c                	.insn	2, 0x019c
100011b4:	44c1                	.insn	2, 0x44c1
100011b6:	0cc8                	.insn	2, 0x0cc8
100011b8:	2002                	.insn	2, 0x2002
100011ba:	0e44                	.insn	2, 0x0e44
100011bc:	0000                	.insn	2, 0x
100011be:	0000                	.insn	2, 0x
100011c0:	0020                	.insn	2, 0x0020
100011c2:	0000                	.insn	2, 0x
100011c4:	01c4                	.insn	2, 0x01c4
100011c6:	0000                	.insn	2, 0x
100011c8:	f7a0                	.insn	2, 0xf7a0
100011ca:	ffff                	.insn	2, 0xffff
100011cc:	001c                	.insn	2, 0x001c
100011ce:	0000                	.insn	2, 0x
100011d0:	4400                	.insn	2, 0x4400
100011d2:	100e                	.insn	2, 0x100e
100011d4:	8844                	.insn	2, 0x8844
100011d6:	4401                	.insn	2, 0x4401
100011d8:	080c                	.insn	2, 0x080c
100011da:	4800                	.insn	2, 0x4800
100011dc:	0cc8                	.insn	2, 0x0cc8
100011de:	1002                	.insn	2, 0x1002
100011e0:	0e44                	.insn	2, 0x0e44
100011e2:	0000                	.insn	2, 0x
100011e4:	0020                	.insn	2, 0x0020
100011e6:	0000                	.insn	2, 0x
100011e8:	01e8                	.insn	2, 0x01e8
100011ea:	0000                	.insn	2, 0x
100011ec:	f798                	.insn	2, 0xf798
100011ee:	ffff                	.insn	2, 0xffff
100011f0:	001c                	.insn	2, 0x001c
100011f2:	0000                	.insn	2, 0x
100011f4:	4400                	.insn	2, 0x4400
100011f6:	100e                	.insn	2, 0x100e
100011f8:	8844                	.insn	2, 0x8844
100011fa:	4401                	.insn	2, 0x4401
100011fc:	080c                	.insn	2, 0x080c
100011fe:	4800                	.insn	2, 0x4800
10001200:	0cc8                	.insn	2, 0x0cc8
10001202:	1002                	.insn	2, 0x1002
10001204:	0e44                	.insn	2, 0x0e44
10001206:	0000                	.insn	2, 0x
10001208:	0024                	.insn	2, 0x0024
1000120a:	0000                	.insn	2, 0x
1000120c:	020c                	.insn	2, 0x020c
1000120e:	0000                	.insn	2, 0x
10001210:	f790                	.insn	2, 0xf790
10001212:	ffff                	.insn	2, 0xffff
10001214:	0324                	.insn	2, 0x0324
10001216:	0000                	.insn	2, 0x
10001218:	4400                	.insn	2, 0x4400
1000121a:	100e                	.insn	2, 0x100e
1000121c:	8844                	.insn	2, 0x8844
1000121e:	4401                	.insn	2, 0x4401
10001220:	080c                	.insn	2, 0x080c
10001222:	0300                	.insn	2, 0x0300
10001224:	0310                	.insn	2, 0x0310
10001226:	0cc8                	.insn	2, 0x0cc8
10001228:	1002                	.insn	2, 0x1002
1000122a:	0e44                	.insn	2, 0x0e44
1000122c:	0000                	.insn	2, 0x
1000122e:	0000                	.insn	2, 0x
10001230:	0020                	.insn	2, 0x0020
10001232:	0000                	.insn	2, 0x
10001234:	0234                	.insn	2, 0x0234
10001236:	0000                	.insn	2, 0x
10001238:	fa8c                	.insn	2, 0xfa8c
1000123a:	ffff                	.insn	2, 0xffff
1000123c:	0080                	.insn	2, 0x0080
1000123e:	0000                	.insn	2, 0x
10001240:	4400                	.insn	2, 0x4400
10001242:	200e                	.insn	2, 0x200e
10001244:	8844                	.insn	2, 0x8844
10001246:	4401                	.insn	2, 0x4401
10001248:	080c                	.insn	2, 0x080c
1000124a:	0200                	.insn	2, 0x0200
1000124c:	c86c                	.insn	2, 0xc86c
1000124e:	020c                	.insn	2, 0x020c
10001250:	4420                	.insn	2, 0x4420
10001252:	000e                	.insn	2, 0x000e
10001254:	001c                	.insn	2, 0x001c
10001256:	0000                	.insn	2, 0x
10001258:	0258                	.insn	2, 0x0258
1000125a:	0000                	.insn	2, 0x
1000125c:	fae8                	.insn	2, 0xfae8
1000125e:	ffff                	.insn	2, 0xffff
10001260:	0144                	.insn	2, 0x0144
10001262:	0000                	.insn	2, 0x
10001264:	4400                	.insn	2, 0x4400
10001266:	100e                	.insn	2, 0x100e
10001268:	8148                	.insn	2, 0x8148
1000126a:	8801                	.insn	2, 0x8801
1000126c:	4402                	.insn	2, 0x4402
1000126e:	080c                	.insn	2, 0x080c
10001270:	0000                	.insn	2, 0x
	...

Disassembly of section .eh_frame_hdr:

10001274 <__GNU_EH_FRAME_HDR>:
10001274:	1b01                	.insn	2, 0x1b01
10001276:	fd883b03          	.insn	4, 0xfd883b03
1000127a:	ffff                	.insn	2, 0xffff
1000127c:	0010                	.insn	2, 0x0010
1000127e:	0000                	.insn	2, 0x
10001280:	eea0                	.insn	2, 0xeea0
10001282:	ffff                	.insn	2, 0xffff
10001284:	fda0                	.insn	2, 0xfda0
10001286:	ffff                	.insn	2, 0xffff
10001288:	eebc                	.insn	2, 0xeebc
1000128a:	ffff                	.insn	2, 0xffff
1000128c:	fdc4                	.insn	2, 0xfdc4
1000128e:	ffff                	.insn	2, 0xffff
10001290:	eed8                	.insn	2, 0xeed8
10001292:	ffff                	.insn	2, 0xffff
10001294:	fde8                	.insn	2, 0xfde8
10001296:	ffff                	.insn	2, 0xffff
10001298:	ef00                	.insn	2, 0xef00
1000129a:	ffff                	.insn	2, 0xffff
1000129c:	fe0c                	.insn	2, 0xfe0c
1000129e:	ffff                	.insn	2, 0xffff
100012a0:	ef74                	.insn	2, 0xef74
100012a2:	ffff                	.insn	2, 0xffff
100012a4:	fe34                	.insn	2, 0xfe34
100012a6:	ffff                	.insn	2, 0xffff
100012a8:	ef90                	.insn	2, 0xef90
100012aa:	ffff                	.insn	2, 0xffff
100012ac:	fe58                	.insn	2, 0xfe58
100012ae:	ffff                	.insn	2, 0xffff
100012b0:	efac                	.insn	2, 0xefac
100012b2:	ffff                	.insn	2, 0xffff
100012b4:	fe7c                	.insn	2, 0xfe7c
100012b6:	ffff                	.insn	2, 0xffff
100012b8:	f014                	.insn	2, 0xf014
100012ba:	ffff                	.insn	2, 0xffff
100012bc:	fea4                	.insn	2, 0xfea4
100012be:	ffff                	.insn	2, 0xffff
100012c0:	f068                	.insn	2, 0xf068
100012c2:	ffff                	.insn	2, 0xffff
100012c4:	fecc                	.insn	2, 0xfecc
100012c6:	ffff                	.insn	2, 0xffff
100012c8:	f0f0                	.insn	2, 0xf0f0
100012ca:	ffff                	.insn	2, 0xffff
100012cc:	fef4                	.insn	2, 0xfef4
100012ce:	ffff                	.insn	2, 0xffff
100012d0:	f53c                	.insn	2, 0xf53c
100012d2:	ffff                	.insn	2, 0xffff
100012d4:	ff20                	.insn	2, 0xff20
100012d6:	ffff                	.insn	2, 0xffff
100012d8:	f6f4                	.insn	2, 0xf6f4
100012da:	ffff                	.insn	2, 0xffff
100012dc:	ff4c                	.insn	2, 0xff4c
100012de:	ffff                	.insn	2, 0xffff
100012e0:	f710                	.insn	2, 0xf710
100012e2:	ffff                	.insn	2, 0xffff
100012e4:	ff70                	.insn	2, 0xff70
100012e6:	ffff                	.insn	2, 0xffff
100012e8:	f72c                	.insn	2, 0xf72c
100012ea:	ffff                	.insn	2, 0xffff
100012ec:	ff94                	.insn	2, 0xff94
100012ee:	ffff                	.insn	2, 0xffff
100012f0:	fa50                	.insn	2, 0xfa50
100012f2:	ffff                	.insn	2, 0xffff
100012f4:	ffbc                	.insn	2, 0xffbc
100012f6:	ffff                	.insn	2, 0xffff
100012f8:	fad0                	.insn	2, 0xfad0
100012fa:	ffff                	.insn	2, 0xffff
100012fc:	ffe0                	.insn	2, 0xffe0
100012fe:	ffff                	.insn	2, 0xffff

Disassembly of section .riscv.attributes:

00000000 <.riscv.attributes>:
   0:	2841                	.insn	2, 0x2841
   2:	0000                	.insn	2, 0x
   4:	7200                	.insn	2, 0x7200
   6:	7369                	.insn	2, 0x7369
   8:	01007663          	bgeu	zero,a6,14 <_ebss+0xc>
   c:	001e                	.insn	2, 0x001e
   e:	0000                	.insn	2, 0x
  10:	1004                	.insn	2, 0x1004
  12:	7205                	.insn	2, 0x7205
  14:	3376                	.insn	2, 0x3376
  16:	6932                	.insn	2, 0x6932
  18:	7032                	.insn	2, 0x7032
  1a:	5f31                	.insn	2, 0x5f31
  1c:	697a                	.insn	2, 0x697a
  1e:	32727363          	bgeu	tp,t2,344 <_ebss+0x33c>
  22:	3070                	.insn	2, 0x3070
  24:	0800                	.insn	2, 0x0800
  26:	0a01                	.insn	2, 0x0a01
  28:	Address 0x28 is out of bounds.


Disassembly of section .comment:

00000000 <.comment>:
   0:	3a434347          	.insn	4, 0x3a434347
   4:	2820                	.insn	2, 0x2820
   6:	39386367          	.insn	4, 0x39386367
   a:	6431                	.insn	2, 0x6431
   c:	6438                	.insn	2, 0x6438
   e:	65333263          	.insn	4, 0x65333263
  12:	2029                	.insn	2, 0x2029
  14:	3331                	.insn	2, 0x3331
  16:	322e                	.insn	2, 0x322e
  18:	302e                	.insn	2, 0x302e
	...
